<?xml version="1.0" encoding="UTF-8"?>
<!-- Generated by org.testng.reporters.JUnitReportReporter -->
<testsuite hostname="CANDLE" name="com.test.norwegian.basetestplatform.BaseTest" tests="1" failures="0" timestamp="11 Jan 2020 06:02:53 GMT" time="0.006" errors="0">
  <testcase name="test1" time="0.006" classname="com.test.norwegian.basetestplatform.BaseTest"/>
</testsuite> <!-- com.test.norwegian.basetestplatform.BaseTest -->
