<?xml version="1.0" encoding="UTF-8"?>
<!-- Generated by org.testng.reporters.JUnitReportReporter -->
<testsuite skipped="0" hostname="CANDLE" name="com.norwegian.basetestplatform.BaseTest" tests="1" failures="0" timestamp="11 янв 2020 17:48:13 GMT" time="0.768" errors="0">
  <testcase name="test2" time="0.768" classname="com.norwegian.basetestplatform.BaseTest"/>
</testsuite> <!-- com.norwegian.basetestplatform.BaseTest -->
