<?xml version="1.0" encoding="UTF-8"?>
<testsuite xmlns:xsi="http://www.w3.org/2001/XMLSchema-instance" xsi:noNamespaceSchemaLocation="https://maven.apache.org/surefire/maven-surefire-plugin/xsd/surefire-test-report.xsd" name="TestSuite" time="70.921" tests="2" errors="0" skipped="0" failures="2">
  <properties>
    <property name="sun.desktop" value="windows"/>
    <property name="awt.toolkit" value="sun.awt.windows.WToolkit"/>
    <property name="java.specification.version" value="11"/>
    <property name="sun.cpu.isalist" value="amd64"/>
    <property name="sun.jnu.encoding" value="Cp1251"/>
    <property name="java.class.path" value="C:\Users\VADIM\IdeaProjects\BenchMark\target\test-classes;C:\Users\VADIM\IdeaProjects\BenchMark\target\classes;C:\Users\VADIM\.m2\repository\org\seleniumhq\selenium\selenium-java\3.141.59\selenium-java-3.141.59.jar;C:\Users\VADIM\.m2\repository\org\seleniumhq\selenium\selenium-chrome-driver\3.141.59\selenium-chrome-driver-3.141.59.jar;C:\Users\VADIM\.m2\repository\org\seleniumhq\selenium\selenium-edge-driver\3.141.59\selenium-edge-driver-3.141.59.jar;C:\Users\VADIM\.m2\repository\org\seleniumhq\selenium\selenium-firefox-driver\3.141.59\selenium-firefox-driver-3.141.59.jar;C:\Users\VADIM\.m2\repository\org\seleniumhq\selenium\selenium-ie-driver\3.141.59\selenium-ie-driver-3.141.59.jar;C:\Users\VADIM\.m2\repository\org\seleniumhq\selenium\selenium-opera-driver\3.141.59\selenium-opera-driver-3.141.59.jar;C:\Users\VADIM\.m2\repository\org\seleniumhq\selenium\selenium-safari-driver\3.141.59\selenium-safari-driver-3.141.59.jar;C:\Users\VADIM\.m2\repository\org\seleniumhq\selenium\selenium-support\3.141.59\selenium-support-3.141.59.jar;C:\Users\VADIM\.m2\repository\net\bytebuddy\byte-buddy\1.8.15\byte-buddy-1.8.15.jar;C:\Users\VADIM\.m2\repository\org\apache\commons\commons-exec\1.3\commons-exec-1.3.jar;C:\Users\VADIM\.m2\repository\com\google\guava\guava\25.0-jre\guava-25.0-jre.jar;C:\Users\VADIM\.m2\repository\com\google\code\findbugs\jsr305\1.3.9\jsr305-1.3.9.jar;C:\Users\VADIM\.m2\repository\org\checkerframework\checker-compat-qual\2.0.0\checker-compat-qual-2.0.0.jar;C:\Users\VADIM\.m2\repository\com\google\errorprone\error_prone_annotations\2.1.3\error_prone_annotations-2.1.3.jar;C:\Users\VADIM\.m2\repository\com\google\j2objc\j2objc-annotations\1.1\j2objc-annotations-1.1.jar;C:\Users\VADIM\.m2\repository\org\codehaus\mojo\animal-sniffer-annotations\1.14\animal-sniffer-annotations-1.14.jar;C:\Users\VADIM\.m2\repository\com\squareup\okhttp3\okhttp\3.11.0\okhttp-3.11.0.jar;C:\Users\VADIM\.m2\repository\com\squareup\okio\okio\1.14.0\okio-1.14.0.jar;C:\Users\VADIM\.m2\repository\org\seleniumhq\selenium\selenium-server\3.141.59\selenium-server-3.141.59.jar;C:\Users\VADIM\.m2\repository\com\beust\jcommander\1.72\jcommander-1.72.jar;C:\Users\VADIM\.m2\repository\net\jcip\jcip-annotations\1.0\jcip-annotations-1.0.jar;C:\Users\VADIM\.m2\repository\org\seleniumhq\selenium\jetty-repacked\9.4.12.v20180830\jetty-repacked-9.4.12.v20180830.jar;C:\Users\VADIM\.m2\repository\javax\servlet\javax.servlet-api\3.1.0\javax.servlet-api-3.1.0.jar;C:\Users\VADIM\.m2\repository\org\yaml\snakeyaml\1.19\snakeyaml-1.19.jar;C:\Users\VADIM\.m2\repository\org\seleniumhq\selenium\selenium-api\3.141.59\selenium-api-3.141.59.jar;C:\Users\VADIM\.m2\repository\org\seleniumhq\selenium\selenium-remote-driver\3.141.59\selenium-remote-driver-3.141.59.jar;C:\Users\VADIM\.m2\repository\org\testng\testng\6.11\testng-6.11.jar;C:\Users\VADIM\.m2\repository\org\apache\poi\poi\3.16\poi-3.16.jar;C:\Users\VADIM\.m2\repository\commons-codec\commons-codec\1.10\commons-codec-1.10.jar;C:\Users\VADIM\.m2\repository\org\apache\commons\commons-collections4\4.1\commons-collections4-4.1.jar;C:\Users\VADIM\.m2\repository\org\apache\xmlbeans\xmlbeans\2.6.0\xmlbeans-2.6.0.jar;C:\Users\VADIM\.m2\repository\stax\stax-api\1.0.1\stax-api-1.0.1.jar;C:\Users\VADIM\.m2\repository\org\apache\poi\poi-scratchpad\3.16\poi-scratchpad-3.16.jar;C:\Users\VADIM\.m2\repository\org\apache\poi\poi-ooxml\3.16\poi-ooxml-3.16.jar;C:\Users\VADIM\.m2\repository\org\apache\poi\poi-ooxml-schemas\3.16\poi-ooxml-schemas-3.16.jar;C:\Users\VADIM\.m2\repository\com\github\virtuald\curvesapi\1.04\curvesapi-1.04.jar;C:\Users\VADIM\.m2\repository\com\relevantcodes\extentreports\2.41.2\extentreports-2.41.2.jar;C:\Users\VADIM\.m2\repository\org\jsoup\jsoup\1.8.3\jsoup-1.8.3.jar;C:\Users\VADIM\.m2\repository\org\xerial\sqlite-jdbc\3.8.11.1\sqlite-jdbc-3.8.11.1.jar;C:\Users\VADIM\.m2\repository\org\freemarker\freemarker\2.3.23\freemarker-2.3.23.jar;C:\Users\VADIM\.m2\repository\org\mongodb\mongodb-driver\3.0.4\mongodb-driver-3.0.4.jar;C:\Users\VADIM\.m2\repository\org\mongodb\bson\3.0.4\bson-3.0.4.jar;C:\Users\VADIM\.m2\repository\org\mongodb\mongodb-driver-core\3.0.4\mongodb-driver-core-3.0.4.jar;C:\Users\VADIM\.m2\repository\log4j\log4j\1.2.17\log4j-1.2.17.jar;C:\Users\VADIM\.m2\repository\commons-io\commons-io\2.6\commons-io-2.6.jar;C:\Users\VADIM\.m2\repository\mysql\mysql-connector-java\8.0.19\mysql-connector-java-8.0.19.jar;C:\Users\VADIM\.m2\repository\com\google\protobuf\protobuf-java\3.6.1\protobuf-java-3.6.1.jar;C:\Users\VADIM\.m2\repository\org\apache\maven\surefire\surefire-testng-utils\2.21.0\surefire-testng-utils-2.21.0.jar;C:\Users\VADIM\.m2\repository\org\apache\maven\surefire\surefire-grouper\2.21.0\surefire-grouper-2.21.0.jar;"/>
    <property name="java.vm.vendor" value="Oracle Corporation"/>
    <property name="sun.arch.data.model" value="64"/>
    <property name="user.variant" value=""/>
    <property name="java.vendor.url" value="http://java.oracle.com/"/>
    <property name="user.timezone" value=""/>
    <property name="user.country.format" value="RU"/>
    <property name="java.vm.specification.version" value="11"/>
    <property name="os.name" value="Windows 10"/>
    <property name="sun.java.launcher" value="SUN_STANDARD"/>
    <property name="user.country" value="US"/>
    <property name="sun.boot.library.path" value="C:\Program Files\Java\jdk-11.0.6\bin"/>
    <property name="sun.java.command" value="C:\Users\VADIM\AppData\Local\Temp\surefire290316693280471084\surefirebooter14242276429347377646.jar C:\Users\VADIM\AppData\Local\Temp\surefire290316693280471084 2020-04-24T22-13-59_112-jvmRun1 surefire1515616191741556632tmp surefire_05678788605366516786tmp"/>
    <property name="jdk.debug" value="release"/>
    <property name="surefire.test.class.path" value="C:\Users\VADIM\IdeaProjects\BenchMark\target\test-classes;C:\Users\VADIM\IdeaProjects\BenchMark\target\classes;C:\Users\VADIM\.m2\repository\org\seleniumhq\selenium\selenium-java\3.141.59\selenium-java-3.141.59.jar;C:\Users\VADIM\.m2\repository\org\seleniumhq\selenium\selenium-chrome-driver\3.141.59\selenium-chrome-driver-3.141.59.jar;C:\Users\VADIM\.m2\repository\org\seleniumhq\selenium\selenium-edge-driver\3.141.59\selenium-edge-driver-3.141.59.jar;C:\Users\VADIM\.m2\repository\org\seleniumhq\selenium\selenium-firefox-driver\3.141.59\selenium-firefox-driver-3.141.59.jar;C:\Users\VADIM\.m2\repository\org\seleniumhq\selenium\selenium-ie-driver\3.141.59\selenium-ie-driver-3.141.59.jar;C:\Users\VADIM\.m2\repository\org\seleniumhq\selenium\selenium-opera-driver\3.141.59\selenium-opera-driver-3.141.59.jar;C:\Users\VADIM\.m2\repository\org\seleniumhq\selenium\selenium-safari-driver\3.141.59\selenium-safari-driver-3.141.59.jar;C:\Users\VADIM\.m2\repository\org\seleniumhq\selenium\selenium-support\3.141.59\selenium-support-3.141.59.jar;C:\Users\VADIM\.m2\repository\net\bytebuddy\byte-buddy\1.8.15\byte-buddy-1.8.15.jar;C:\Users\VADIM\.m2\repository\org\apache\commons\commons-exec\1.3\commons-exec-1.3.jar;C:\Users\VADIM\.m2\repository\com\google\guava\guava\25.0-jre\guava-25.0-jre.jar;C:\Users\VADIM\.m2\repository\com\google\code\findbugs\jsr305\1.3.9\jsr305-1.3.9.jar;C:\Users\VADIM\.m2\repository\org\checkerframework\checker-compat-qual\2.0.0\checker-compat-qual-2.0.0.jar;C:\Users\VADIM\.m2\repository\com\google\errorprone\error_prone_annotations\2.1.3\error_prone_annotations-2.1.3.jar;C:\Users\VADIM\.m2\repository\com\google\j2objc\j2objc-annotations\1.1\j2objc-annotations-1.1.jar;C:\Users\VADIM\.m2\repository\org\codehaus\mojo\animal-sniffer-annotations\1.14\animal-sniffer-annotations-1.14.jar;C:\Users\VADIM\.m2\repository\com\squareup\okhttp3\okhttp\3.11.0\okhttp-3.11.0.jar;C:\Users\VADIM\.m2\repository\com\squareup\okio\okio\1.14.0\okio-1.14.0.jar;C:\Users\VADIM\.m2\repository\org\seleniumhq\selenium\selenium-server\3.141.59\selenium-server-3.141.59.jar;C:\Users\VADIM\.m2\repository\com\beust\jcommander\1.72\jcommander-1.72.jar;C:\Users\VADIM\.m2\repository\net\jcip\jcip-annotations\1.0\jcip-annotations-1.0.jar;C:\Users\VADIM\.m2\repository\org\seleniumhq\selenium\jetty-repacked\9.4.12.v20180830\jetty-repacked-9.4.12.v20180830.jar;C:\Users\VADIM\.m2\repository\javax\servlet\javax.servlet-api\3.1.0\javax.servlet-api-3.1.0.jar;C:\Users\VADIM\.m2\repository\org\yaml\snakeyaml\1.19\snakeyaml-1.19.jar;C:\Users\VADIM\.m2\repository\org\seleniumhq\selenium\selenium-api\3.141.59\selenium-api-3.141.59.jar;C:\Users\VADIM\.m2\repository\org\seleniumhq\selenium\selenium-remote-driver\3.141.59\selenium-remote-driver-3.141.59.jar;C:\Users\VADIM\.m2\repository\org\testng\testng\6.11\testng-6.11.jar;C:\Users\VADIM\.m2\repository\org\apache\poi\poi\3.16\poi-3.16.jar;C:\Users\VADIM\.m2\repository\commons-codec\commons-codec\1.10\commons-codec-1.10.jar;C:\Users\VADIM\.m2\repository\org\apache\commons\commons-collections4\4.1\commons-collections4-4.1.jar;C:\Users\VADIM\.m2\repository\org\apache\xmlbeans\xmlbeans\2.6.0\xmlbeans-2.6.0.jar;C:\Users\VADIM\.m2\repository\stax\stax-api\1.0.1\stax-api-1.0.1.jar;C:\Users\VADIM\.m2\repository\org\apache\poi\poi-scratchpad\3.16\poi-scratchpad-3.16.jar;C:\Users\VADIM\.m2\repository\org\apache\poi\poi-ooxml\3.16\poi-ooxml-3.16.jar;C:\Users\VADIM\.m2\repository\org\apache\poi\poi-ooxml-schemas\3.16\poi-ooxml-schemas-3.16.jar;C:\Users\VADIM\.m2\repository\com\github\virtuald\curvesapi\1.04\curvesapi-1.04.jar;C:\Users\VADIM\.m2\repository\com\relevantcodes\extentreports\2.41.2\extentreports-2.41.2.jar;C:\Users\VADIM\.m2\repository\org\jsoup\jsoup\1.8.3\jsoup-1.8.3.jar;C:\Users\VADIM\.m2\repository\org\xerial\sqlite-jdbc\3.8.11.1\sqlite-jdbc-3.8.11.1.jar;C:\Users\VADIM\.m2\repository\org\freemarker\freemarker\2.3.23\freemarker-2.3.23.jar;C:\Users\VADIM\.m2\repository\org\mongodb\mongodb-driver\3.0.4\mongodb-driver-3.0.4.jar;C:\Users\VADIM\.m2\repository\org\mongodb\bson\3.0.4\bson-3.0.4.jar;C:\Users\VADIM\.m2\repository\org\mongodb\mongodb-driver-core\3.0.4\mongodb-driver-core-3.0.4.jar;C:\Users\VADIM\.m2\repository\log4j\log4j\1.2.17\log4j-1.2.17.jar;C:\Users\VADIM\.m2\repository\commons-io\commons-io\2.6\commons-io-2.6.jar;C:\Users\VADIM\.m2\repository\mysql\mysql-connector-java\8.0.19\mysql-connector-java-8.0.19.jar;C:\Users\VADIM\.m2\repository\com\google\protobuf\protobuf-java\3.6.1\protobuf-java-3.6.1.jar;C:\Users\VADIM\.m2\repository\org\apache\maven\surefire\surefire-testng-utils\2.21.0\surefire-testng-utils-2.21.0.jar;C:\Users\VADIM\.m2\repository\org\apache\maven\surefire\surefire-grouper\2.21.0\surefire-grouper-2.21.0.jar;"/>
    <property name="sun.cpu.endian" value="little"/>
    <property name="user.home" value="C:\Users\VADIM"/>
    <property name="user.language" value="en"/>
    <property name="java.specification.vendor" value="Oracle Corporation"/>
    <property name="java.version.date" value="2020-01-14"/>
    <property name="java.home" value="C:\Program Files\Java\jdk-11.0.6"/>
    <property name="file.separator" value="\"/>
    <property name="basedir" value="C:\Users\VADIM\IdeaProjects\BenchMark"/>
    <property name="java.vm.compressedOopsMode" value="Zero based"/>
    <property name="line.separator" value="&#10;"/>
    <property name="java.specification.name" value="Java Platform API Specification"/>
    <property name="java.vm.specification.vendor" value="Oracle Corporation"/>
    <property name="java.awt.graphicsenv" value="sun.awt.Win32GraphicsEnvironment"/>
    <property name="surefire.real.class.path" value="C:\Users\VADIM\AppData\Local\Temp\surefire290316693280471084\surefirebooter14242276429347377646.jar"/>
    <property name="user.script" value=""/>
    <property name="sun.management.compiler" value="HotSpot 64-Bit Tiered Compilers"/>
    <property name="java.runtime.version" value="11.0.6+8-LTS"/>
    <property name="user.name" value="VADIM"/>
    <property name="path.separator" value=";"/>
    <property name="os.version" value="10.0"/>
    <property name="java.runtime.name" value="Java(TM) SE Runtime Environment"/>
    <property name="file.encoding" value="Cp1251"/>
    <property name="java.vm.name" value="Java HotSpot(TM) 64-Bit Server VM"/>
    <property name="java.vendor.version" value="18.9"/>
    <property name="localRepository" value="C:\Users\VADIM\.m2\repository"/>
    <property name="java.vendor.url.bug" value="http://bugreport.java.com/bugreport/"/>
    <property name="java.io.tmpdir" value="C:\Users\VADIM\AppData\Local\Temp\"/>
    <property name="java.version" value="11.0.6"/>
    <property name="user.dir" value="C:\Users\VADIM\IdeaProjects\BenchMark"/>
    <property name="os.arch" value="amd64"/>
    <property name="java.vm.specification.name" value="Java Virtual Machine Specification"/>
    <property name="java.awt.printerjob" value="sun.awt.windows.WPrinterJob"/>
    <property name="user.language.format" value="ru"/>
    <property name="sun.os.patch.level" value=""/>
    <property name="java.library.path" value="C:\Program Files\Java\jdk-11.0.6\bin;C:\WINDOWS\Sun\Java\bin;C:\WINDOWS\system32;C:\WINDOWS;C:\Python27\;C:\Python27\Scripts;C:\oraclexe\app\oracle\product\11.2.0\server\bin;C:\Program Files (x86)\Intel\iCLS Client\;C:\Program Files\Intel\iCLS Client\;C:\WINDOWS\system32;C:\WINDOWS;C:\WINDOWS\System32\Wbem;C:\WINDOWS\System32\WindowsPowerShell\v1.0\;C:\Program Files (x86)\Windows Live\Shared;C:\Program Files (x86)\Intel\OpenCL SDK\2.0\bin\x86;C:\Program Files (x86)\Intel\OpenCL SDK\2.0\bin\x64;C:\Program Files\Intel\Intel(R) Management Engine Components\DAL;C:\Program Files\Intel\Intel(R) Management Engine Components\IPT;C:\Program Files (x86)\Intel\Intel(R) Management Engine Components\DAL;C:\Program Files (x86)\Intel\Intel(R) Management Engine Components\IPT;C:\Program Files\Intel\WiFi\bin\;C:\Program Files\Common Files\Intel\WirelessCommon\;C:\Program Files (x86)\NVIDIA Corporation\PhysX\Common;C:\WINDOWS\system32;C:\WINDOWS;C:\WINDOWS\System32\Wbem;C:\WINDOWS\System32\WindowsPowerShell\v1.0\;C:\webdrivers;C:\Users\VADIM\AppData\Local\Android\sdk\platform-tools;C:\Users\VADIM\AppData\Local\Android\sdk\tools\bin;C:\Users\VADIM\AppData\Local\Android\sdk\tools;C:\Program Files\Maven\apache-maven-3.5.2\bin;C:\apache-ant-1.10.2\bin;C:\apache-jmeter-3.3\bin;C:\Program Files\axis2-1.6.2\bin;C:\Program Files\MySQL\MySQL Utilities 1.6\;C:\Program Files\SourceGear\Common\DiffMerge\;C:\WINDOWS\System32\OpenSSH\;C:\Program Files\Git\cmd;C:\Program Files (x86)\Brackets\command;C:\ProgramData\chocolatey\bin;C:\Program Files\Gauge\bin;C:\Program Files\dotnet\;C:\Program Files\Microsoft SQL Server\130\Tools\Binn\;C:\Program Files\Microsoft SQL Server\Client SDK\ODBC\170\Tools\Binn\;C:\Program Files\Microsoft SQL Server\120\Tools\Binn\;C:\Users\VADIM\AppData\Roaming\nvm;C:\Program Files\nodejs;C:\Program Files\Java\jdk-11.0.6\\bin;C:\Ruby23-x64\bin;C:\Users\VADIM\AppData\Local\Microsoft\WindowsApps;C:\Users\VADIM\AppData\Local\Programs\Fiddler;C:\apache-maven-3.5.2\bin;C:\Users\VADIM\AppData\Local\Microsoft\WindowsApps;C:\Users\VADIM\AppData\Roaming\npm;C:\Users\VADIM\AppData\Local\Programs\Microsoft VS Code\bin;C:\Program Files\heroku\bin;D:\GitHub\Bellerophon\COLT\heroku\bin;C:\Users\VADIM\AppData\Roaming\nvm;C:\Program Files\nodejs;C:\Program Files\Java\jdk-11.0.6\;;."/>
    <property name="java.vendor" value="Oracle Corporation"/>
    <property name="java.vm.info" value="mixed mode"/>
    <property name="java.vm.version" value="11.0.6+8-LTS"/>
    <property name="sun.io.unicode.encoding" value="UnicodeLittle"/>
    <property name="java.class.version" value="55.0"/>
  </properties>
  <testcase name="testDisplayingDeparturePort" classname="tests.explore.PortsTest" time="12.803">
    <failure message="Labels did not match expected [Port Of Departure] but found [PORT OF DEPARTURE]" type="java.lang.AssertionError">java.lang.AssertionError: Labels did not match expected [Port Of Departure] but found [PORT OF DEPARTURE]
	at tests.explore.PortsTest.testDisplayingDeparturePort(PortsTest.java:42)
</failure>
    <system-out><![CDATA[[TestNGContentHandler] [WARN] It is strongly recommended to add "<!DOCTYPE suite SYSTEM "http://testng.org/testng-1.0.dtd" >" at the top of your file, otherwise TestNG may fail or not work as expected.
Test launched
Popup window did not appear...
Test is in progress!
&amp#27;[0;32mTest: explore.PortsTest is in progress&amp#27;[0m
2020-04-24 22:14:54 INFO  NORWEGIAN-->  :39 - *** verify that image is in the middle of the map ***
2020-04-24 22:14:56 INFO  NORWEGIAN-->  :41 - *** verify label of port departure ***
&amp#27;[0;32mTest Failed. Something should be verified! Screenshot is taken on test failure.&amp#27;[0m
2020-04-24 22:14:56 ERROR NORWEGIAN-->  :35 - Assertion Failed: explore.PortsTest.testDisplayingDeparturePort
]]></system-out>
    <system-err><![CDATA[Starting ChromeDriver 2.38.551601 (edb21f07fc70e9027c746edd3201443e011a61ed) on port 19110
Only local connections are allowed.
апр. 24, 2020 10:14:04 PM org.openqa.selenium.remote.ProtocolHandshake createSession
INFO: Detected dialect: OSS
]]></system-err>
  </testcase>
  <testcase name="testDisplayingDeparturePort" classname="tests.explore.PortsTest" time="12.931">
    <failure message="Labels did not match expected [Port Of Departure] but found [PORT OF DEPARTURE]" type="java.lang.AssertionError">java.lang.AssertionError: Labels did not match expected [Port Of Departure] but found [PORT OF DEPARTURE]
	at tests.explore.PortsTest.testDisplayingDeparturePort(PortsTest.java:42)
</failure>
    <system-out><![CDATA[&amp#27;[0;32mTest: explore.PortsTest is in progress&amp#27;[0m
2020-04-24 22:15:08 INFO  NORWEGIAN-->  :39 - *** verify that image is in the middle of the map ***
2020-04-24 22:15:09 INFO  NORWEGIAN-->  :41 - *** verify label of port departure ***
&amp#27;[0;32mTest Failed. Something should be verified! Screenshot is taken on test failure.&amp#27;[0m
2020-04-24 22:15:10 ERROR NORWEGIAN-->  :35 - Assertion Failed: explore.PortsTest.testDisplayingDeparturePort
]]></system-out>
  </testcase>
</testsuite>