<?xml version="1.0" encoding="UTF-8"?>
<!-- Generated by org.testng.reporters.JUnitReportReporter -->
<testsuite skipped="0" hostname="CANDLE" name="com.employee.tests.TC004_PUT_Single_Employee_Record" tests="7" failures="0" timestamp="10 Feb 2020 03:35:25 GMT" time="0.032" errors="0">
  <testcase name="testStatusLine" time="0.001" classname="com.employee.tests.TC004_PUT_Single_Employee_Record"/>
  <testcase name="testPragma" time="0.002" classname="com.employee.tests.TC004_PUT_Single_Employee_Record"/>
  <testcase name="testContentLength" time="0.001" classname="com.employee.tests.TC004_PUT_Single_Employee_Record"/>
  <testcase name="testResponseTime" time="0.001" classname="com.employee.tests.TC004_PUT_Single_Employee_Record"/>
  <testcase name="testResponseBody" time="0.015" classname="com.employee.tests.TC004_PUT_Single_Employee_Record"/>
  <testcase name="testStatus" time="0.011" classname="com.employee.tests.TC004_PUT_Single_Employee_Record"/>
  <testcase name="testStatusCode" time="0.001" classname="com.employee.tests.TC004_PUT_Single_Employee_Record"/>
</testsuite> <!-- com.employee.tests.TC004_PUT_Single_Employee_Record -->
