<?xml version="1.0" encoding="UTF-8"?>
<!-- Generated by org.testng.reporters.JUnitReportReporter -->
<testsuite skipped="0" hostname="CANDLE" name="com.employee.tests.TC001_Get_All_Employees" tests="9" failures="0" timestamp="10 Feb 2020 03:35:25 GMT" time="0.042" errors="0">
  <testcase name="testResponseBody" time="0.028" classname="com.employee.tests.TC001_Get_All_Employees"/>
  <testcase name="testCookies" time="0.002" classname="com.employee.tests.TC001_Get_All_Employees"/>
  <testcase name="testStatuLine" time="0.001" classname="com.employee.tests.TC001_Get_All_Employees"/>
  <testcase name="testServerType" time="0.001" classname="com.employee.tests.TC001_Get_All_Employees"/>
  <testcase name="testContentEncoding" time="0.006" classname="com.employee.tests.TC001_Get_All_Employees"/>
  <testcase name="testStatusCode" time="0.001" classname="com.employee.tests.TC001_Get_All_Employees"/>
  <testcase name="testContentType" time="0.001" classname="com.employee.tests.TC001_Get_All_Employees"/>
  <testcase name="testContentLength" time="0.001" classname="com.employee.tests.TC001_Get_All_Employees"/>
  <testcase name="testResponseTime" time="0.001" classname="com.employee.tests.TC001_Get_All_Employees"/>
</testsuite> <!-- com.employee.tests.TC001_Get_All_Employees -->
